<?xml version="1.0" encoding="UTF-8"?>
<!-- Generated by org.testng.reporters.JUnitReportReporter -->
<testsuite hostname="DESKTOP-9IKM4UH" failures="0" tests="1" name="Home.TS001" time="11.475" errors="0" timestamp="2022-04-11T13:14:02 IST" skipped="0">
  <testcase classname="Home.TS001" name="Loginpage" time="11.475"/>
  <system-out/>
</testsuite> <!-- Home.TS001 -->
